<?xml version="1.0" encoding="UTF-8"?>
<!-- Generated by org.testng.reporters.JUnitXMLReporter -->
<testsuite ignored="2" hostname="sandt-17R2FY3" failures="0" tests="0" time="0.713" errors="0" timestamp="2024-05-24T14:06:54 IST">
  <testcase classname="testcase.TestCase" name="ClientInfoWorkflow" time="0.0">
    <ignored/>
  </testcase> <!-- ClientInfoWorkflow -->
  <testcase classname="testcase.TestCase" name="LogTicketWorkflow" time="0.0">
    <ignored/>
  </testcase> <!-- LogTicketWorkflow -->
</testsuite>
