<?xml version="1.0" encoding="UTF-8"?>
<!-- Generated by org.testng.reporters.JUnitXMLReporter -->
<testsuite ignored="1" hostname="sandt-17R2FY3" failures="0" tests="1" name="Default test" time="159.853" errors="0" timestamp="2024-06-03T13:59:22 IST">
  <testcase classname="testcase.TestCase" name="LogTicketWorkflow" time="102.907"/>
  <testcase classname="testcase.TestCase" name="ClientInfoWorkflow" time="0.0">
    <ignored/>
  </testcase> <!-- ClientInfoWorkflow -->
</testsuite> <!-- Default test -->
