<?xml version="1.0" encoding="UTF-8"?>
<!-- Generated by org.testng.reporters.JUnitXMLReporter -->
<testsuite ignored="2" hostname="sandt-17R2FY3" failures="0" tests="3" name="Test" time="256.106" errors="0" timestamp="2024-06-03T22:18:31 IST">
  <testcase classname="testcase.TestCase" name="Queueview_Specify_Associate_ID_tWorkflow" time="25.64"/>
  <testcase classname="testcase.TestCase" name="Queueview_Specify_Manager_Workflow" time="26.351"/>
  <testcase classname="testcase.TestCase" name="Queueview_Specify_Queue_Workflow" time="19.073"/>
  <testcase classname="testcase.TestCase" name="ClientInfoWorkflow" time="0.0">
    <ignored/>
  </testcase> <!-- ClientInfoWorkflow -->
  <testcase classname="testcase.TestCase" name="LogTicketWorkflow" time="0.0">
    <ignored/>
  </testcase> <!-- LogTicketWorkflow -->
</testsuite> <!-- Test -->
