<?xml version="1.0" encoding="UTF-8"?>
<testng-results ignored="2" total="5" passed="3" failed="0" skipped="0">
  <reporter-output>
  </reporter-output>
  <suite started-at="2024-06-03T22:14:14 IST" name="Suite" finished-at="2024-06-03T22:18:31 IST" duration-ms="256106">
    <groups>
    </groups>
    <test started-at="2024-06-03T22:14:14 IST" name="Test" finished-at="2024-06-03T22:18:31 IST" duration-ms="256106">
      <class name="testcase.TestCase">
        <test-method is-config="true" signature="setUp()[pri:0, instance:testcase.TestCase@4d5650ae]" started-at="2024-06-03T22:14:14 IST" name="setUp" finished-at="2024-06-03T22:14:14 IST" duration-ms="302" status="PASS">
          <reporter-output>
          </reporter-output>
        </test-method> <!-- setUp -->
        <test-method is-config="true" signature="initializeTest(java.lang.String,java.lang.reflect.Method)[pri:0, instance:testcase.TestCase@4d5650ae]" started-at="2024-06-03T22:14:14 IST" name="initializeTest" finished-at="2024-06-03T22:14:22 IST" duration-ms="7566" status="PASS">
          <params>
            <param index="0">
              <value>
                <![CDATA[chrome]]>
              </value>
            </param>
            <param index="1">
              <value>
                <![CDATA[public void testcase.TestCase.Queueview_Specify_Associate_ID_tWorkflow() throws java.lang.Exception]]>
              </value>
            </param>
          </params>
          <reporter-output>
          </reporter-output>
        </test-method> <!-- initializeTest -->
        <test-method is-config="true" signature="login()[pri:0, instance:testcase.TestCase@4d5650ae]" started-at="2024-06-03T22:14:22 IST" name="login" finished-at="2024-06-03T22:15:20 IST" duration-ms="58018" status="PASS">
          <reporter-output>
          </reporter-output>
        </test-method> <!-- login -->
        <test-method signature="Queueview_Specify_Associate_ID_tWorkflow()[pri:1, instance:testcase.TestCase@4d5650ae]" started-at="2024-06-03T22:15:20 IST" name="Queueview_Specify_Associate_ID_tWorkflow" finished-at="2024-06-03T22:15:46 IST" duration-ms="25640" status="PASS">
          <reporter-output>
          </reporter-output>
        </test-method> <!-- Queueview_Specify_Associate_ID_tWorkflow -->
        <test-method is-config="true" signature="tearDown(org.testng.ITestResult)[pri:0, instance:testcase.TestCase@4d5650ae]" started-at="2024-06-03T22:15:46 IST" name="tearDown" finished-at="2024-06-03T22:15:46 IST" duration-ms="501" status="PASS">
          <params>
            <param index="0">
              <value>
                <![CDATA[[TestResult name=Queueview_Specify_Associate_ID_tWorkflow status=SUCCESS method=TestCase.Queueview_Specify_Associate_ID_tWorkflow()[pri:1, instance:testcase.TestCase@4d5650ae] output={null}]]]>
              </value>
            </param>
          </params>
          <reporter-output>
          </reporter-output>
        </test-method> <!-- tearDown -->
        <test-method is-config="true" signature="initializeTest(java.lang.String,java.lang.reflect.Method)[pri:0, instance:testcase.TestCase@4d5650ae]" started-at="2024-06-03T22:15:46 IST" name="initializeTest" finished-at="2024-06-03T22:15:54 IST" duration-ms="8118" status="PASS">
          <params>
            <param index="0">
              <value>
                <![CDATA[chrome]]>
              </value>
            </param>
            <param index="1">
              <value>
                <![CDATA[public void testcase.TestCase.Queueview_Specify_Manager_Workflow() throws java.lang.Exception]]>
              </value>
            </param>
          </params>
          <reporter-output>
          </reporter-output>
        </test-method> <!-- initializeTest -->
        <test-method is-config="true" signature="login()[pri:0, instance:testcase.TestCase@4d5650ae]" started-at="2024-06-03T22:15:54 IST" name="login" finished-at="2024-06-03T22:16:45 IST" duration-ms="50767" status="PASS">
          <reporter-output>
          </reporter-output>
        </test-method> <!-- login -->
        <test-method signature="Queueview_Specify_Manager_Workflow()[pri:2, instance:testcase.TestCase@4d5650ae]" started-at="2024-06-03T22:16:45 IST" name="Queueview_Specify_Manager_Workflow" finished-at="2024-06-03T22:17:11 IST" duration-ms="26351" status="PASS">
          <reporter-output>
          </reporter-output>
        </test-method> <!-- Queueview_Specify_Manager_Workflow -->
        <test-method is-config="true" signature="tearDown(org.testng.ITestResult)[pri:0, instance:testcase.TestCase@4d5650ae]" started-at="2024-06-03T22:17:11 IST" name="tearDown" finished-at="2024-06-03T22:17:12 IST" duration-ms="482" status="PASS">
          <params>
            <param index="0">
              <value>
                <![CDATA[[TestResult name=Queueview_Specify_Manager_Workflow status=SUCCESS method=TestCase.Queueview_Specify_Manager_Workflow()[pri:2, instance:testcase.TestCase@4d5650ae] output={null}]]]>
              </value>
            </param>
          </params>
          <reporter-output>
          </reporter-output>
        </test-method> <!-- tearDown -->
        <test-method is-config="true" signature="initializeTest(java.lang.String,java.lang.reflect.Method)[pri:0, instance:testcase.TestCase@4d5650ae]" started-at="2024-06-03T22:17:12 IST" name="initializeTest" finished-at="2024-06-03T22:17:18 IST" duration-ms="6091" status="PASS">
          <params>
            <param index="0">
              <value>
                <![CDATA[chrome]]>
              </value>
            </param>
            <param index="1">
              <value>
                <![CDATA[public void testcase.TestCase.Queueview_Specify_Queue_Workflow() throws java.lang.Exception]]>
              </value>
            </param>
          </params>
          <reporter-output>
          </reporter-output>
        </test-method> <!-- initializeTest -->
        <test-method is-config="true" signature="login()[pri:0, instance:testcase.TestCase@4d5650ae]" started-at="2024-06-03T22:17:18 IST" name="login" finished-at="2024-06-03T22:18:11 IST" duration-ms="53009" status="PASS">
          <reporter-output>
          </reporter-output>
        </test-method> <!-- login -->
        <test-method signature="Queueview_Specify_Queue_Workflow()[pri:3, instance:testcase.TestCase@4d5650ae]" started-at="2024-06-03T22:18:11 IST" name="Queueview_Specify_Queue_Workflow" finished-at="2024-06-03T22:18:30 IST" duration-ms="19073" status="PASS">
          <reporter-output>
          </reporter-output>
        </test-method> <!-- Queueview_Specify_Queue_Workflow -->
        <test-method is-config="true" signature="tearDown(org.testng.ITestResult)[pri:0, instance:testcase.TestCase@4d5650ae]" started-at="2024-06-03T22:18:30 IST" name="tearDown" finished-at="2024-06-03T22:18:31 IST" duration-ms="456" status="PASS">
          <params>
            <param index="0">
              <value>
                <![CDATA[[TestResult name=Queueview_Specify_Queue_Workflow status=SUCCESS method=TestCase.Queueview_Specify_Queue_Workflow()[pri:3, instance:testcase.TestCase@4d5650ae] output={null}]]]>
              </value>
            </param>
          </params>
          <reporter-output>
          </reporter-output>
        </test-method> <!-- tearDown -->
        <test-method is-config="true" signature="tearDownSuite()[pri:0, instance:testcase.TestCase@4d5650ae]" started-at="2024-06-03T22:18:31 IST" name="tearDownSuite" finished-at="2024-06-03T22:18:31 IST" duration-ms="497" status="PASS">
          <reporter-output>
          </reporter-output>
        </test-method> <!-- tearDownSuite -->
      </class> <!-- testcase.TestCase -->
    </test> <!-- Test -->
  </suite> <!-- Suite -->
</testng-results>
